build/app/intermediates/manifest_merge_blame_file/debug/manifest-merger-blame-debug-report.txt
1<?xml version="1.0" encoding="utf-8"?>
2<manifest xmlns:android="http://schemas.android.com/apk/res/android"
3    package="com.example.drongorevgonder"
4    android:versionCode="1"
5    android:versionName="1.0.0" >
6
7    <uses-sdk
8        android:minSdkVersion="21"
9        android:targetSdkVersion="30" />
10    <!--
11         Flutter needs it to communicate with the running application
12         to allow setting breakpoints, to provide hot reload, etc.
13    -->
14    <uses-permission android:name="android.permission.INTERNET" />
14-->src/debug/AndroidManifest.xml:6:5-66
14-->src/debug/AndroidManifest.xml:6:22-64
15    <uses-permission android:name="android.permission.ACCESS_FINE_LOCATION" />
15-->src/main/AndroidManifest.xml:3:5-79
15-->src/main/AndroidManifest.xml:3:22-76
16    <uses-permission android:name="android.permission.ACCESS_NETWORK_STATE" />
16-->[com.google.firebase:firebase-auth:20.0.1] AndroidManifest.xml:24:5-79
16-->[com.google.firebase:firebase-auth:20.0.1] AndroidManifest.xml:24:22-76
17
18    <uses-feature
18-->[com.google.android.gms:play-services-maps:17.0.0] AndroidManifest.xml:26:5-28:35
19        android:glEsVersion="0x00020000"
19-->[com.google.android.gms:play-services-maps:17.0.0] AndroidManifest.xml:27:9-41
20        android:required="true" />
20-->[com.google.android.gms:play-services-maps:17.0.0] AndroidManifest.xml:28:9-32
21
22    <application
22-->src/main/AndroidManifest.xml:5:5-45:19
23        android:appComponentFactory="androidx.core.app.CoreComponentFactory"
23-->[androidx.core:core:1.1.0] AndroidManifest.xml:24:18-86
24        android:debuggable="true"
25        android:icon="@mipmap/ic_launcher"
25-->src/main/AndroidManifest.xml:7:9-43
26        android:label="drongorevgonder" >
26-->src/main/AndroidManifest.xml:6:9-40
27        <activity
27-->src/main/AndroidManifest.xml:8:9-36:20
28            android:name="com.example.drongorevgonder.MainActivity"
28-->src/main/AndroidManifest.xml:9:13-41
29            android:configChanges="orientation|keyboardHidden|keyboard|screenSize|smallestScreenSize|locale|layoutDirection|fontScale|screenLayout|density|uiMode"
29-->src/main/AndroidManifest.xml:12:13-163
30            android:hardwareAccelerated="true"
30-->src/main/AndroidManifest.xml:13:13-47
31            android:launchMode="singleTop"
31-->src/main/AndroidManifest.xml:10:13-43
32            android:theme="@style/LaunchTheme"
32-->src/main/AndroidManifest.xml:11:13-47
33            android:windowSoftInputMode="adjustResize" >
33-->src/main/AndroidManifest.xml:14:13-55
34
35            <!--
36                 Specifies an Android theme to apply to this Activity as soon as
37                 the Android process has started. This theme is visible to the user
38                 while the Flutter UI initializes. After that, this theme continues
39                 to determine the Window background behind the Flutter UI.
40            -->
41            <meta-data
41-->src/main/AndroidManifest.xml:19:13-22:17
42                android:name="io.flutter.embedding.android.NormalTheme"
42-->src/main/AndroidManifest.xml:20:15-70
43                android:resource="@style/NormalTheme" />
43-->src/main/AndroidManifest.xml:21:15-52
44            <!--
45                 Displays an Android View that continues showing the launch screen
46                 Drawable until Flutter paints its first frame, then this splash
47                 screen fades out. A splash screen is useful to avoid any visual
48                 gap between the end of Android's launch screen and the painting of
49                 Flutter's first frame.
50            -->
51            <meta-data
51-->src/main/AndroidManifest.xml:28:13-31:17
52                android:name="io.flutter.embedding.android.SplashScreenDrawable"
52-->src/main/AndroidManifest.xml:29:15-79
53                android:resource="@drawable/launch_background" />
53-->src/main/AndroidManifest.xml:30:15-61
54
55            <intent-filter>
55-->src/main/AndroidManifest.xml:32:13-35:29
56                <action android:name="android.intent.action.MAIN" />
56-->src/main/AndroidManifest.xml:33:17-68
56-->src/main/AndroidManifest.xml:33:25-66
57
58                <category android:name="android.intent.category.LAUNCHER" />
58-->src/main/AndroidManifest.xml:34:17-76
58-->src/main/AndroidManifest.xml:34:27-74
59            </intent-filter>
60        </activity>
61        <!--
62             Don't delete the meta-data below.
63             This is used by the Flutter tool to generate GeneratedPluginRegistrant.java
64        -->
65        <meta-data
65-->src/main/AndroidManifest.xml:39:9-41:33
66            android:name="flutterEmbedding"
66-->src/main/AndroidManifest.xml:40:13-44
67            android:value="2" />
67-->src/main/AndroidManifest.xml:41:13-30
68        <meta-data
68-->src/main/AndroidManifest.xml:42:8-44:70
69            android:name="com.google.android.geo.API_KEY"
69-->src/main/AndroidManifest.xml:43:12-57
70            android:value="AIzaSyAqm8wVYXNA_iprsiZlgtFUU4bXrLyB3DY" />
70-->src/main/AndroidManifest.xml:44:12-67
71
72        <service
72-->[:firebase_auth] AndroidManifest.xml:8:9-12:19
73            android:name="com.google.firebase.components.ComponentDiscoveryService"
73-->[:firebase_auth] AndroidManifest.xml:8:18-89
74            android:directBootAware="true"
74-->[com.google.firebase:firebase-common:19.5.0] AndroidManifest.xml:35:13-43
75            android:exported="false" >
75-->[com.google.firebase:firebase-auth:20.0.1] AndroidManifest.xml:76:13-37
76            <meta-data
76-->[:firebase_auth] AndroidManifest.xml:9:13-11:85
77                android:name="com.google.firebase.components:io.flutter.plugins.firebase.auth.FlutterFirebaseAuthRegistrar"
77-->[:firebase_auth] AndroidManifest.xml:10:17-124
78                android:value="com.google.firebase.components.ComponentRegistrar" />
78-->[:firebase_auth] AndroidManifest.xml:11:17-82
79            <meta-data
79-->[:firebase_database] AndroidManifest.xml:9:13-11:85
80                android:name="com.google.firebase.components:io.flutter.plugins.firebase.database.FlutterFirebaseAppRegistrar"
80-->[:firebase_database] AndroidManifest.xml:10:17-127
81                android:value="com.google.firebase.components.ComponentRegistrar" />
81-->[:firebase_database] AndroidManifest.xml:11:17-82
82            <meta-data
82-->[:firebase_storage] AndroidManifest.xml:9:13-11:85
83                android:name="com.google.firebase.components:io.flutter.plugins.firebase.storage.FlutterFirebaseAppRegistrar"
83-->[:firebase_storage] AndroidManifest.xml:10:17-126
84                android:value="com.google.firebase.components.ComponentRegistrar" />
84-->[:firebase_storage] AndroidManifest.xml:11:17-82
85            <meta-data
85-->[:cloud_firestore] AndroidManifest.xml:9:13-11:85
86                android:name="com.google.firebase.components:io.flutter.plugins.firebase.firestore.FlutterFirebaseFirestoreRegistrar"
86-->[:cloud_firestore] AndroidManifest.xml:10:17-134
87                android:value="com.google.firebase.components.ComponentRegistrar" />
87-->[:cloud_firestore] AndroidManifest.xml:11:17-82
88            <meta-data
88-->[:firebase_core] AndroidManifest.xml:9:13-11:85
89                android:name="com.google.firebase.components:io.flutter.plugins.firebase.core.FlutterFirebaseCoreRegistrar"
89-->[:firebase_core] AndroidManifest.xml:10:17-124
90                android:value="com.google.firebase.components.ComponentRegistrar" />
90-->[:firebase_core] AndroidManifest.xml:11:17-82
91            <meta-data
91-->[com.google.firebase:firebase-auth:20.0.1] AndroidManifest.xml:77:13-79:85
92                android:name="com.google.firebase.components:com.google.firebase.auth.FirebaseAuthRegistrar"
92-->[com.google.firebase:firebase-auth:20.0.1] AndroidManifest.xml:78:17-109
93                android:value="com.google.firebase.components.ComponentRegistrar" />
93-->[com.google.firebase:firebase-auth:20.0.1] AndroidManifest.xml:79:17-82
94            <meta-data
94-->[com.google.firebase:firebase-firestore:22.0.1] AndroidManifest.xml:20:13-22:85
95                android:name="com.google.firebase.components:com.google.firebase.firestore.FirestoreRegistrar"
95-->[com.google.firebase:firebase-firestore:22.0.1] AndroidManifest.xml:21:17-111
96                android:value="com.google.firebase.components.ComponentRegistrar" />
96-->[com.google.firebase:firebase-firestore:22.0.1] AndroidManifest.xml:22:17-82
97            <meta-data
97-->[com.google.firebase:firebase-storage:19.2.1] AndroidManifest.xml:33:13-35:85
98                android:name="com.google.firebase.components:com.google.firebase.storage.StorageRegistrar"
98-->[com.google.firebase:firebase-storage:19.2.1] AndroidManifest.xml:34:17-107
99                android:value="com.google.firebase.components.ComponentRegistrar" />
99-->[com.google.firebase:firebase-storage:19.2.1] AndroidManifest.xml:35:17-82
100            <meta-data
100-->[com.google.firebase:firebase-database:19.6.0] AndroidManifest.xml:32:13-34:85
101                android:name="com.google.firebase.components:com.google.firebase.database.DatabaseRegistrar"
101-->[com.google.firebase:firebase-database:19.6.0] AndroidManifest.xml:33:17-109
102                android:value="com.google.firebase.components.ComponentRegistrar" />
102-->[com.google.firebase:firebase-database:19.6.0] AndroidManifest.xml:34:17-82
103            <!--
104                This registrar is not defined in the dynamic-module-support sdk itself to allow non-firebase
105                clients to use it as well, by defining this registrar in their own core/common library.
106            -->
107            <meta-data
107-->[com.google.firebase:firebase-common:19.5.0] AndroidManifest.xml:43:13-45:85
108                android:name="com.google.firebase.components:com.google.firebase.dynamicloading.DynamicLoadingRegistrar"
108-->[com.google.firebase:firebase-common:19.5.0] AndroidManifest.xml:44:17-121
109                android:value="com.google.firebase.components.ComponentRegistrar" />
109-->[com.google.firebase:firebase-common:19.5.0] AndroidManifest.xml:45:17-82
110        </service>
111
112        <activity
112-->[com.google.firebase:firebase-auth:20.0.1] AndroidManifest.xml:27:9-44:20
113            android:name="com.google.firebase.auth.internal.GenericIdpActivity"
113-->[com.google.firebase:firebase-auth:20.0.1] AndroidManifest.xml:28:13-80
114            android:excludeFromRecents="true"
114-->[com.google.firebase:firebase-auth:20.0.1] AndroidManifest.xml:29:13-46
115            android:exported="true"
115-->[com.google.firebase:firebase-auth:20.0.1] AndroidManifest.xml:30:13-36
116            android:launchMode="singleTask"
116-->[com.google.firebase:firebase-auth:20.0.1] AndroidManifest.xml:31:13-44
117            android:theme="@android:style/Theme.Translucent.NoTitleBar" >
117-->[com.google.firebase:firebase-auth:20.0.1] AndroidManifest.xml:32:13-72
118            <intent-filter>
118-->[com.google.firebase:firebase-auth:20.0.1] AndroidManifest.xml:33:13-43:29
119                <action android:name="android.intent.action.VIEW" />
119-->[com.google.firebase:firebase-auth:20.0.1] AndroidManifest.xml:34:17-69
119-->[com.google.firebase:firebase-auth:20.0.1] AndroidManifest.xml:34:25-66
120
121                <category android:name="android.intent.category.DEFAULT" />
121-->[com.google.firebase:firebase-auth:20.0.1] AndroidManifest.xml:36:17-76
121-->[com.google.firebase:firebase-auth:20.0.1] AndroidManifest.xml:36:27-73
122                <category android:name="android.intent.category.BROWSABLE" />
122-->[com.google.firebase:firebase-auth:20.0.1] AndroidManifest.xml:37:17-78
122-->[com.google.firebase:firebase-auth:20.0.1] AndroidManifest.xml:37:27-75
123
124                <data
124-->[com.google.firebase:firebase-auth:20.0.1] AndroidManifest.xml:39:17-42:51
125                    android:host="firebase.auth"
125-->[com.google.firebase:firebase-auth:20.0.1] AndroidManifest.xml:40:21-49
126                    android:path="/"
126-->[com.google.firebase:firebase-auth:20.0.1] AndroidManifest.xml:41:21-37
127                    android:scheme="genericidp" />
127-->[com.google.firebase:firebase-auth:20.0.1] AndroidManifest.xml:42:21-48
128            </intent-filter>
129        </activity>
130        <activity
130-->[com.google.firebase:firebase-auth:20.0.1] AndroidManifest.xml:45:9-62:20
131            android:name="com.google.firebase.auth.internal.RecaptchaActivity"
131-->[com.google.firebase:firebase-auth:20.0.1] AndroidManifest.xml:46:13-79
132            android:excludeFromRecents="true"
132-->[com.google.firebase:firebase-auth:20.0.1] AndroidManifest.xml:47:13-46
133            android:exported="true"
133-->[com.google.firebase:firebase-auth:20.0.1] AndroidManifest.xml:48:13-36
134            android:launchMode="singleTask"
134-->[com.google.firebase:firebase-auth:20.0.1] AndroidManifest.xml:49:13-44
135            android:theme="@android:style/Theme.Translucent.NoTitleBar" >
135-->[com.google.firebase:firebase-auth:20.0.1] AndroidManifest.xml:50:13-72
136            <intent-filter>
136-->[com.google.firebase:firebase-auth:20.0.1] AndroidManifest.xml:51:13-61:29
137                <action android:name="android.intent.action.VIEW" />
137-->[com.google.firebase:firebase-auth:20.0.1] AndroidManifest.xml:34:17-69
137-->[com.google.firebase:firebase-auth:20.0.1] AndroidManifest.xml:34:25-66
138
139                <category android:name="android.intent.category.DEFAULT" />
139-->[com.google.firebase:firebase-auth:20.0.1] AndroidManifest.xml:36:17-76
139-->[com.google.firebase:firebase-auth:20.0.1] AndroidManifest.xml:36:27-73
140                <category android:name="android.intent.category.BROWSABLE" />
140-->[com.google.firebase:firebase-auth:20.0.1] AndroidManifest.xml:37:17-78
140-->[com.google.firebase:firebase-auth:20.0.1] AndroidManifest.xml:37:27-75
141
142                <data
142-->[com.google.firebase:firebase-auth:20.0.1] AndroidManifest.xml:39:17-42:51
143                    android:host="firebase.auth"
143-->[com.google.firebase:firebase-auth:20.0.1] AndroidManifest.xml:40:21-49
144                    android:path="/"
144-->[com.google.firebase:firebase-auth:20.0.1] AndroidManifest.xml:41:21-37
145                    android:scheme="recaptcha" />
145-->[com.google.firebase:firebase-auth:20.0.1] AndroidManifest.xml:42:21-48
146            </intent-filter>
147        </activity>
148
149        <service
149-->[com.google.firebase:firebase-auth:20.0.1] AndroidManifest.xml:64:9-73:19
150            android:name="com.google.firebase.auth.api.fallback.service.FirebaseAuthFallbackService"
150-->[com.google.firebase:firebase-auth:20.0.1] AndroidManifest.xml:65:13-101
151            android:enabled="true"
151-->[com.google.firebase:firebase-auth:20.0.1] AndroidManifest.xml:66:13-35
152            android:exported="false" >
152-->[com.google.firebase:firebase-auth:20.0.1] AndroidManifest.xml:67:13-37
153            <intent-filter>
153-->[com.google.firebase:firebase-auth:20.0.1] AndroidManifest.xml:68:13-72:29
154                <action android:name="com.google.firebase.auth.api.gms.service.START" />
154-->[com.google.firebase:firebase-auth:20.0.1] AndroidManifest.xml:69:17-89
154-->[com.google.firebase:firebase-auth:20.0.1] AndroidManifest.xml:69:25-86
155
156                <category android:name="android.intent.category.DEFAULT" />
156-->[com.google.firebase:firebase-auth:20.0.1] AndroidManifest.xml:36:17-76
156-->[com.google.firebase:firebase-auth:20.0.1] AndroidManifest.xml:36:27-73
157            </intent-filter>
158        </service>
159
160        <provider
160-->[com.google.firebase:firebase-common:19.5.0] AndroidManifest.xml:26:9-31:39
161            android:name="com.google.firebase.provider.FirebaseInitProvider"
161-->[com.google.firebase:firebase-common:19.5.0] AndroidManifest.xml:27:13-77
162            android:authorities="com.example.drongorevgonder.firebaseinitprovider"
162-->[com.google.firebase:firebase-common:19.5.0] AndroidManifest.xml:28:13-72
163            android:directBootAware="true"
163-->[com.google.firebase:firebase-common:19.5.0] AndroidManifest.xml:29:13-43
164            android:exported="false"
164-->[com.google.firebase:firebase-common:19.5.0] AndroidManifest.xml:30:13-37
165            android:initOrder="100" /> <!-- Needs to be explicitly declared on P+ -->
165-->[com.google.firebase:firebase-common:19.5.0] AndroidManifest.xml:31:13-36
166        <uses-library
166-->[com.google.android.gms:play-services-maps:17.0.0] AndroidManifest.xml:33:9-35:40
167            android:name="org.apache.http.legacy"
167-->[com.google.android.gms:play-services-maps:17.0.0] AndroidManifest.xml:34:13-50
168            android:required="false" />
168-->[com.google.android.gms:play-services-maps:17.0.0] AndroidManifest.xml:35:13-37
169
170        <activity
170-->[com.google.android.gms:play-services-base:17.1.0] AndroidManifest.xml:23:9-26:75
171            android:name="com.google.android.gms.common.api.GoogleApiActivity"
171-->[com.google.android.gms:play-services-base:17.1.0] AndroidManifest.xml:24:13-79
172            android:exported="false"
172-->[com.google.android.gms:play-services-base:17.1.0] AndroidManifest.xml:25:13-37
173            android:theme="@android:style/Theme.Translucent.NoTitleBar" />
173-->[com.google.android.gms:play-services-base:17.1.0] AndroidManifest.xml:26:13-72
174
175        <meta-data
175-->[com.google.android.gms:play-services-basement:17.1.0] AndroidManifest.xml:23:9-25:69
176            android:name="com.google.android.gms.version"
176-->[com.google.android.gms:play-services-basement:17.1.0] AndroidManifest.xml:24:13-58
177            android:value="@integer/google_play_services_version" />
177-->[com.google.android.gms:play-services-basement:17.1.0] AndroidManifest.xml:25:13-66
178    </application>
179
180</manifest>